\BOOKMARK [0][-]{chapter.1}{Introduction}{}% 1
\BOOKMARK [1][-]{section.1.1}{Motivation}{chapter.1}% 2
\BOOKMARK [1][-]{section.1.2}{Research\040questions}{chapter.1}% 3
\BOOKMARK [1][-]{section.1.3}{Outline}{chapter.1}% 4
\BOOKMARK [0][-]{chapter.2}{State\040of\040the\040art}{}% 5
\BOOKMARK [1][-]{section.2.1}{MAS}{chapter.2}% 6
\BOOKMARK [1][-]{section.2.2}{Network\040communication}{chapter.2}% 7
\BOOKMARK [1][-]{section.2.3}{DSL}{chapter.2}% 8
\BOOKMARK [1][-]{section.2.4}{Digital\040Twin}{chapter.2}% 9
\BOOKMARK [1][-]{section.2.5}{Research\040gap}{chapter.2}% 10
\BOOKMARK [0][-]{chapter.3}{Methodology}{}% 11
\BOOKMARK [1][-]{section.3.1}{Internal}{chapter.3}% 12
\BOOKMARK [2][-]{subsection.3.1.1}{Overview\040\(conceptual\040diagram\)}{section.3.1}% 13
\BOOKMARK [2][-]{subsection.3.1.2}{Prerequisite}{section.3.1}% 14
\BOOKMARK [2][-]{subsection.3.1.3}{OSI\040model\040and\040comparison\040between\040sockets\040relevant\040protocol\040layers}{section.3.1}% 15
\BOOKMARK [2][-]{subsection.3.1.4}{Pseudo-Code\040of\040MAS\040workflow}{section.3.1}% 16
\BOOKMARK [2][-]{subsection.3.1.5}{tcp\040socket\040and\040websocket}{section.3.1}% 17
\BOOKMARK [1][-]{section.3.2}{External}{chapter.3}% 18
\BOOKMARK [2][-]{subsection.3.2.1}{Overview\040\(conceptual\040diagram\)}{section.3.2}% 19
\BOOKMARK [2][-]{subsection.3.2.2}{Prerequisite}{section.3.2}% 20
\BOOKMARK [2][-]{subsection.3.2.3}{Pseudo-Code}{section.3.2}% 21
\BOOKMARK [2][-]{subsection.3.2.4}{MS\040Azure\040Digital\040Twin}{section.3.2}% 22
\BOOKMARK [0][-]{chapter.4}{Results\040and\040discussion}{}% 23
\BOOKMARK [1][-]{section.4.1}{Test\040results\040of\040Websocket\040and\040Restful\040API}{chapter.4}% 24
\BOOKMARK [1][-]{section.4.2}{Test\040results\040of\040WS\040in\040diff.\040performance\040testing,\040worst\040case\040scenarios}{chapter.4}% 25
\BOOKMARK [1][-]{section.4.3}{priority\040tests\040of\040WS\040server\040in\040diff.\040performance\040testing}{chapter.4}% 26
\BOOKMARK [1][-]{section.4.4}{Test\040results\040of\040DTagents\040related\040to\040Azure\040Digital\040Twin}{chapter.4}% 27
\BOOKMARK [0][-]{chapter.5}{Conclusion\040and\040outlook}{}% 28
\BOOKMARK [0][-]{appendix.A}{Anhangname}{}% 29
\BOOKMARK [0][-]{appendix*.13}{Bibliography}{}% 30
\BOOKMARK [0][-]{section*.14}{List\040of\040Abbreviations}{}% 31
